<?xml version="1.0" encoding="UTF-8"?>
<testsuite xmlns:xsi="http://www.w3.org/2001/XMLSchema-instance" xsi:noNamespaceSchemaLocation="https://maven.apache.org/surefire/maven-surefire-plugin/xsd/surefire-test-report-3.0.xsd" version="3.0" name="TestSuite" time="231.034" tests="5" errors="0" skipped="0" failures="3">
  <properties>
[...]
</properties>
  <testcase name="signIn" classname="pages.LoginPageTest" time="41.158"/>
  <testcase name="clickOnConsignment" classname="pages.TestPageNewAVT" time="30.726"/>
  <testcase name="createRecordWithIndividualWork" classname="pages.TestPageNewAVT" time="81.328">
    <failure message="no such element: Unable to locate element: {&quot;method&quot;:&quot;css selector&quot;,&quot;selector&quot;:&quot;form#addressForm ul&gt;li:nth-child(3)&quot;}&#10;  (Session info: headless chrome=112.0.5615.138)&#10;For documentation on this error, please visit: https://selenium.dev/exceptions/#no_such_element&#10;Build info: version: &apos;4.8.3&apos;, revision: &apos;e5e76298c3&apos;&#10;System info: os.name: &apos;Windows 10&apos;, os.arch: &apos;amd64&apos;, os.version: &apos;10.0&apos;, java.version: &apos;14.0.2&apos;&#10;Driver info: org.openqa.selenium.chrome.ChromeDriver&#10;Command: [0c476da2f3a6a5f3711dd5c4a00742a4, findElementFromShadowRoot {shadowId=e1af8b0a-aa7e-49d4-8bbe-6cb09af0004d, using=css selector, value=form#addressForm ul&gt;li:nth-child(3)}]&#10;Capabilities {acceptInsecureCerts: false, browserName: chrome, browserVersion: 112.0.5615.138, chrome: {chromedriverVersion: 112.0.5615.28 (e01c41304994..., userDataDir: C:\Users\Nasreenk\AppData\L...}, goog:chromeOptions: {debuggerAddress: localhost:58495}, networkConnectionEnabled: false, pageLoadStrategy: none, platformName: WINDOWS, proxy: Proxy(), se:cdp: ws://localhost:58495/devtoo..., se:cdpVersion: 112.0.5615.138, setWindowRect: true, strictFileInteractability: false, timeouts: {implicit: 0, pageLoad: 300000, script: 30000}, unhandledPromptBehavior: dismiss and notify, webauthn:extension:credBlob: true, webauthn:extension:largeBlob: true, webauthn:extension:minPinLength: true, webauthn:extension:prf: true, webauthn:virtualAuthenticators: true}&#10;Session ID: 0c476da2f3a6a5f3711dd5c4a00742a4" type="org.openqa.selenium.NoSuchElementException"><![CDATA[org.openqa.selenium.NoSuchElementException: 
no such element: Unable to locate element: {"method":"css selector","selector":"form#addressForm ul>li:nth-child(3)"}
  (Session info: headless chrome=112.0.5615.138)
For documentation on this error, please visit: https://selenium.dev/exceptions/#no_such_element
Build info: version: '4.8.3', revision: 'e5e76298c3'
System info: os.name: 'Windows 10', os.arch: 'amd64', os.version: '10.0', java.version: '14.0.2'
Driver info: org.openqa.selenium.chrome.ChromeDriver
Command: [0c476da2f3a6a5f3711dd5c4a00742a4, findElementFromShadowRoot {shadowId=e1af8b0a-aa7e-49d4-8bbe-6cb09af0004d, using=css selector, value=form#addressForm ul>li:nth-child(3)}]
Capabilities {acceptInsecureCerts: false, browserName: chrome, browserVersion: 112.0.5615.138, chrome: {chromedriverVersion: 112.0.5615.28 (e01c41304994..., userDataDir: C:\Users\Nasreenk\AppData\L...}, goog:chromeOptions: {debuggerAddress: localhost:58495}, networkConnectionEnabled: false, pageLoadStrategy: none, platformName: WINDOWS, proxy: Proxy(), se:cdp: ws://localhost:58495/devtoo..., se:cdpVersion: 112.0.5615.138, setWindowRect: true, strictFileInteractability: false, timeouts: {implicit: 0, pageLoad: 300000, script: 30000}, unhandledPromptBehavior: dismiss and notify, webauthn:extension:credBlob: true, webauthn:extension:largeBlob: true, webauthn:extension:minPinLength: true, webauthn:extension:prf: true, webauthn:virtualAuthenticators: true}
Session ID: 0c476da2f3a6a5f3711dd5c4a00742a4
	at pages.TestPageNewAVT.createRecordWithIndividualWork(TestPageNewAVT.java:67)
]]></failure>
    <system-out><![CDATA[I am in onTestStart method createRecordWithIndividualWork start
2023-04-24/16:29:01.910  INFO: listener.WebEventListener - Before Finding element: By.cssSelector: .v-expansion-panel__container:nth-child(5) .panel-header
91251 [main] INFO utilities.listener.WebEventListener  - Before Finding element: By.cssSelector: .v-expansion-panel__container:nth-child(5) .panel-header
2023-04-24/16:29:01.941  INFO: listener.WebEventListener - beforeClickOn css selector: .v-expansion-panel__container:nth-child(5) .panel-header]
91282 [main] INFO utilities.listener.WebEventListener  - beforeClickOn css selector: .v-expansion-panel__container:nth-child(5) .panel-header]
2023-04-24/16:29:02.018  INFO: listener.WebEventListener - after click on
91359 [main] INFO utilities.listener.WebEventListener  - after click on
2023-04-24/16:29:02.018  INFO: listener.WebEventListener - Before Finding element: By.xpath: //ul[contains(@class,'v-expansion-panel')]/li[5]//u[contains(text(),'New AVT ')]
91359 [main] INFO utilities.listener.WebEventListener  - Before Finding element: By.xpath: //ul[contains(@class,'v-expansion-panel')]/li[5]//u[contains(text(),'New AVT ')]
2023-04-24/16:29:07.197  INFO: listener.WebEventListener - After Switch to Window
96538 [main] INFO utilities.listener.WebEventListener  - After Switch to Window
2023-04-24/16:29:22.214  INFO: listener.WebEventListener - beforeClickOn unknown locator]
111555 [main] INFO utilities.listener.WebEventListener  - beforeClickOn unknown locator]
2023-04-24/16:29:22.260  INFO: listener.WebEventListener - after click on
111601 [main] INFO utilities.listener.WebEventListener  - after click on
2023-04-24/16:29:32.331  INFO: listener.WebEventListener - beforeClickOn unknown locator]
121672 [main] INFO utilities.listener.WebEventListener  - beforeClickOn unknown locator]
2023-04-24/16:29:32.370  INFO: listener.WebEventListener - after click on
121711 [main] INFO utilities.listener.WebEventListener  - after click on
2023-04-24/16:29:32.376  INFO: listener.WebEventListener - beforeClickOn unknown locator]
121717 [main] INFO utilities.listener.WebEventListener  - beforeClickOn unknown locator]
2023-04-24/16:29:32.407  INFO: listener.WebEventListener - after click on
121748 [main] INFO utilities.listener.WebEventListener  - after click on
2023-04-24/16:29:32.412  INFO: listener.WebEventListener - beforeClickOn unknown locator]
121753 [main] INFO utilities.listener.WebEventListener  - beforeClickOn unknown locator]
2023-04-24/16:29:32.441  INFO: listener.WebEventListener - after click on
121782 [main] INFO utilities.listener.WebEventListener  - after click on
2023-04-24/16:29:32.446  INFO: listener.WebEventListener - beforeClickOn unknown locator]
121787 [main] INFO utilities.listener.WebEventListener  - beforeClickOn unknown locator]
2023-04-24/16:29:32.477  INFO: listener.WebEventListener - after click on
121818 [main] INFO utilities.listener.WebEventListener  - after click on
2023-04-24/16:29:37.541  INFO: listener.WebEventListener - Default Value :
126882 [main] INFO utilities.listener.WebEventListener  - Default Value :
2023-04-24/16:29:37.596  INFO: listener.WebEventListener - Entered Value :Nasreen
126937 [main] INFO utilities.listener.WebEventListener  - Entered Value :Nasreen
2023-04-24/16:29:42.633  INFO: listener.WebEventListener - Default Value :
131974 [main] INFO utilities.listener.WebEventListener  - Default Value :
2023-04-24/16:29:42.679  INFO: listener.WebEventListener - Entered Value :Khan
132020 [main] INFO utilities.listener.WebEventListener  - Entered Value :Khan
2023-04-24/16:29:42.854  INFO: listener.WebEventListener - Default Value :
132195 [main] INFO utilities.listener.WebEventListener  - Default Value :
2023-04-24/16:29:42.994  INFO: listener.WebEventListener - Entered Value :test@test.com
132335 [main] INFO utilities.listener.WebEventListener  - Entered Value :test@test.com
2023-04-24/16:29:47.997  INFO: listener.WebEventListener - Before Finding element: By.cssSelector: div#app>div>div:nth-of-type(2)>div *:nth-child(1)
137338 [main] INFO utilities.listener.WebEventListener  - Before Finding element: By.cssSelector: div#app>div>div:nth-of-type(2)>div *:nth-child(1)
I am in onTestFailure method createRecordWithIndividualWork failed
]]></system-out>
  </testcase>
  <testcase name="createRecordWithIndividualHome" classname="pages.TestPageNewAVT" time="35.813">
    <failure message="no such element: Unable to locate element: {&quot;method&quot;:&quot;css selector&quot;,&quot;selector&quot;:&quot;form#addressForm input&quot;}&#10;  (Session info: headless chrome=112.0.5615.138)&#10;For documentation on this error, please visit: https://selenium.dev/exceptions/#no_such_element&#10;Build info: version: &apos;4.8.3&apos;, revision: &apos;e5e76298c3&apos;&#10;System info: os.name: &apos;Windows 10&apos;, os.arch: &apos;amd64&apos;, os.version: &apos;10.0&apos;, java.version: &apos;14.0.2&apos;&#10;Driver info: org.openqa.selenium.chrome.ChromeDriver&#10;Command: [0c476da2f3a6a5f3711dd5c4a00742a4, findElementFromShadowRoot {shadowId=e1af8b0a-aa7e-49d4-8bbe-6cb09af0004d, using=css selector, value=form#addressForm input}]&#10;Capabilities {acceptInsecureCerts: false, browserName: chrome, browserVersion: 112.0.5615.138, chrome: {chromedriverVersion: 112.0.5615.28 (e01c41304994..., userDataDir: C:\Users\Nasreenk\AppData\L...}, goog:chromeOptions: {debuggerAddress: localhost:58495}, networkConnectionEnabled: false, pageLoadStrategy: none, platformName: WINDOWS, proxy: Proxy(), se:cdp: ws://localhost:58495/devtoo..., se:cdpVersion: 112.0.5615.138, setWindowRect: true, strictFileInteractability: false, timeouts: {implicit: 0, pageLoad: 300000, script: 30000}, unhandledPromptBehavior: dismiss and notify, webauthn:extension:credBlob: true, webauthn:extension:largeBlob: true, webauthn:extension:minPinLength: true, webauthn:extension:prf: true, webauthn:virtualAuthenticators: true}&#10;Session ID: 0c476da2f3a6a5f3711dd5c4a00742a4" type="org.openqa.selenium.NoSuchElementException"><![CDATA[org.openqa.selenium.NoSuchElementException: 
no such element: Unable to locate element: {"method":"css selector","selector":"form#addressForm input"}
  (Session info: headless chrome=112.0.5615.138)
For documentation on this error, please visit: https://selenium.dev/exceptions/#no_such_element
Build info: version: '4.8.3', revision: 'e5e76298c3'
System info: os.name: 'Windows 10', os.arch: 'amd64', os.version: '10.0', java.version: '14.0.2'
Driver info: org.openqa.selenium.chrome.ChromeDriver
Command: [0c476da2f3a6a5f3711dd5c4a00742a4, findElementFromShadowRoot {shadowId=e1af8b0a-aa7e-49d4-8bbe-6cb09af0004d, using=css selector, value=form#addressForm input}]
Capabilities {acceptInsecureCerts: false, browserName: chrome, browserVersion: 112.0.5615.138, chrome: {chromedriverVersion: 112.0.5615.28 (e01c41304994..., userDataDir: C:\Users\Nasreenk\AppData\L...}, goog:chromeOptions: {debuggerAddress: localhost:58495}, networkConnectionEnabled: false, pageLoadStrategy: none, platformName: WINDOWS, proxy: Proxy(), se:cdp: ws://localhost:58495/devtoo..., se:cdpVersion: 112.0.5615.138, setWindowRect: true, strictFileInteractability: false, timeouts: {implicit: 0, pageLoad: 300000, script: 30000}, unhandledPromptBehavior: dismiss and notify, webauthn:extension:credBlob: true, webauthn:extension:largeBlob: true, webauthn:extension:minPinLength: true, webauthn:extension:prf: true, webauthn:virtualAuthenticators: true}
Session ID: 0c476da2f3a6a5f3711dd5c4a00742a4
	at pages.TestPageNewAVT.createRecordWithIndividualHome(TestPageNewAVT.java:114)
]]></failure>
    <system-out><![CDATA[I am in onTestStart method createRecordWithIndividualHome start
2023-04-24/16:30:33.308  INFO: listener.WebEventListener - beforeClickOn unknown locator]
182649 [main] INFO utilities.listener.WebEventListener  - beforeClickOn unknown locator]
2023-04-24/16:30:33.363  INFO: listener.WebEventListener - after click on
182704 [main] INFO utilities.listener.WebEventListener  - after click on
2023-04-24/16:30:43.449  INFO: listener.WebEventListener - Default Value :Nasreen
192790 [main] INFO utilities.listener.WebEventListener  - Default Value :Nasreen
2023-04-24/16:30:43.549  INFO: listener.WebEventListener - Entered Value :NasreenNasreen
192890 [main] INFO utilities.listener.WebEventListener  - Entered Value :NasreenNasreen
2023-04-24/16:30:48.604  INFO: listener.WebEventListener - Default Value :Khan
197945 [main] INFO utilities.listener.WebEventListener  - Default Value :Khan
2023-04-24/16:30:48.686  INFO: listener.WebEventListener - Entered Value :KhanKhan
198027 [main] INFO utilities.listener.WebEventListener  - Entered Value :KhanKhan
2023-04-24/16:30:48.910  INFO: listener.WebEventListener - Default Value :test@test.com
198251 [main] INFO utilities.listener.WebEventListener  - Default Value :test@test.com
2023-04-24/16:30:49.045  INFO: listener.WebEventListener - Entered Value :test@test.comtest@test.com
198386 [main] INFO utilities.listener.WebEventListener  - Entered Value :test@test.comtest@test.com
2023-04-24/16:30:54.049  INFO: listener.WebEventListener - Before Finding element: By.cssSelector: div#app>div>div:nth-of-type(2)>div *:nth-child(1)
203390 [main] INFO utilities.listener.WebEventListener  - Before Finding element: By.cssSelector: div#app>div>div:nth-of-type(2)>div *:nth-child(1)
I am in onTestFailure method createRecordWithIndividualHome failed
]]></system-out>
  </testcase>
  <testcase name="createRecordWithIndividualOther" classname="pages.TestPageNewAVT" time="20.722">
    <failure message="no such element: Unable to locate element: {&quot;method&quot;:&quot;css selector&quot;,&quot;selector&quot;:&quot;form#addressForm input&quot;}&#10;  (Session info: headless chrome=112.0.5615.138)&#10;For documentation on this error, please visit: https://selenium.dev/exceptions/#no_such_element&#10;Build info: version: &apos;4.8.3&apos;, revision: &apos;e5e76298c3&apos;&#10;System info: os.name: &apos;Windows 10&apos;, os.arch: &apos;amd64&apos;, os.version: &apos;10.0&apos;, java.version: &apos;14.0.2&apos;&#10;Driver info: org.openqa.selenium.chrome.ChromeDriver&#10;Command: [0c476da2f3a6a5f3711dd5c4a00742a4, findElementFromShadowRoot {shadowId=e1af8b0a-aa7e-49d4-8bbe-6cb09af0004d, using=css selector, value=form#addressForm input}]&#10;Capabilities {acceptInsecureCerts: false, browserName: chrome, browserVersion: 112.0.5615.138, chrome: {chromedriverVersion: 112.0.5615.28 (e01c41304994..., userDataDir: C:\Users\Nasreenk\AppData\L...}, goog:chromeOptions: {debuggerAddress: localhost:58495}, networkConnectionEnabled: false, pageLoadStrategy: none, platformName: WINDOWS, proxy: Proxy(), se:cdp: ws://localhost:58495/devtoo..., se:cdpVersion: 112.0.5615.138, setWindowRect: true, strictFileInteractability: false, timeouts: {implicit: 0, pageLoad: 300000, script: 30000}, unhandledPromptBehavior: dismiss and notify, webauthn:extension:credBlob: true, webauthn:extension:largeBlob: true, webauthn:extension:minPinLength: true, webauthn:extension:prf: true, webauthn:virtualAuthenticators: true}&#10;Session ID: 0c476da2f3a6a5f3711dd5c4a00742a4" type="org.openqa.selenium.NoSuchElementException"><![CDATA[org.openqa.selenium.NoSuchElementException: 
no such element: Unable to locate element: {"method":"css selector","selector":"form#addressForm input"}
  (Session info: headless chrome=112.0.5615.138)
For documentation on this error, please visit: https://selenium.dev/exceptions/#no_such_element
Build info: version: '4.8.3', revision: 'e5e76298c3'
System info: os.name: 'Windows 10', os.arch: 'amd64', os.version: '10.0', java.version: '14.0.2'
Driver info: org.openqa.selenium.chrome.ChromeDriver
Command: [0c476da2f3a6a5f3711dd5c4a00742a4, findElementFromShadowRoot {shadowId=e1af8b0a-aa7e-49d4-8bbe-6cb09af0004d, using=css selector, value=form#addressForm input}]
Capabilities {acceptInsecureCerts: false, browserName: chrome, browserVersion: 112.0.5615.138, chrome: {chromedriverVersion: 112.0.5615.28 (e01c41304994..., userDataDir: C:\Users\Nasreenk\AppData\L...}, goog:chromeOptions: {debuggerAddress: localhost:58495}, networkConnectionEnabled: false, pageLoadStrategy: none, platformName: WINDOWS, proxy: Proxy(), se:cdp: ws://localhost:58495/devtoo..., se:cdpVersion: 112.0.5615.138, setWindowRect: true, strictFileInteractability: false, timeouts: {implicit: 0, pageLoad: 300000, script: 30000}, unhandledPromptBehavior: dismiss and notify, webauthn:extension:credBlob: true, webauthn:extension:largeBlob: true, webauthn:extension:minPinLength: true, webauthn:extension:prf: true, webauthn:virtualAuthenticators: true}
Session ID: 0c476da2f3a6a5f3711dd5c4a00742a4
	at pages.TestPageNewAVT.createRecordWithIndividualOther(TestPageNewAVT.java:156)
]]></failure>
    <system-out><![CDATA[I am in onTestStart method createRecordWithIndividualOther start
2023-04-24/16:30:54.172  INFO: listener.WebEventListener - beforeClickOn unknown locator]
203513 [main] INFO utilities.listener.WebEventListener  - beforeClickOn unknown locator]
2023-04-24/16:30:54.198  INFO: listener.WebEventListener - after click on
203539 [main] INFO utilities.listener.WebEventListener  - after click on
2023-04-24/16:31:04.291  INFO: listener.WebEventListener - Default Value :NasreenNasreen
213632 [main] INFO utilities.listener.WebEventListener  - Default Value :NasreenNasreen
2023-04-24/16:31:04.381  INFO: listener.WebEventListener - Entered Value :NasreenNasreenNasreen
213722 [main] INFO utilities.listener.WebEventListener  - Entered Value :NasreenNasreenNasreen
2023-04-24/16:31:09.446  INFO: listener.WebEventListener - Default Value :KhanKhan
218787 [main] INFO utilities.listener.WebEventListener  - Default Value :KhanKhan
2023-04-24/16:31:09.531  INFO: listener.WebEventListener - Entered Value :KhanKhanKhan
218872 [main] INFO utilities.listener.WebEventListener  - Entered Value :KhanKhanKhan
2023-04-24/16:31:09.743  INFO: listener.WebEventListener - Default Value :test@test.comtest@test.com
219084 [main] INFO utilities.listener.WebEventListener  - Default Value :test@test.comtest@test.com
2023-04-24/16:31:09.832  INFO: listener.WebEventListener - Entered Value :test@test.comtest@test.comtest@test.com
219173 [main] INFO utilities.listener.WebEventListener  - Entered Value :test@test.comtest@test.comtest@test.com
2023-04-24/16:31:14.834  INFO: listener.WebEventListener - Before Finding element: By.cssSelector: div#app>div>div:nth-of-type(2)>div *:nth-child(1)
224175 [main] INFO utilities.listener.WebEventListener  - Before Finding element: By.cssSelector: div#app>div>div:nth-of-type(2)>div *:nth-child(1)
I am in onTestFailure method createRecordWithIndividualOther failed
]]></system-out>
  </testcase>
</testsuite>